# JRE version: OpenJDK Runtime Environment (8.0_242-b01) (build 1.8.0_242-release-1644-b01)
# Java VM: OpenJDK 64-Bit Server VM (25.242-b01 mixed mode windows-amd64 compressed oops)
Heap:
 PSYoungGen      total 246272K, used 162736K [0x00000000d5580000, 0x00000000e6400000, 0x0000000100000000)
  eden space 216576K, 67% used [0x00000000d5580000,0x00000000de50d598,0x00000000e2900000)
  from space 29696K, 52% used [0x00000000e4700000,0x00000000e565eaa8,0x00000000e6400000)
  to   space 22016K, 0% used [0x00000000e3180000,0x00000000e3180000,0x00000000e4700000)
 ParOldGen       total 125952K, used 53850K [0x0000000080000000, 0x0000000087b00000, 0x00000000d5580000)
  object space 125952K, 42% used [0x0000000080000000,0x00000000834969f8,0x0000000087b00000)
 Metaspace       used 106903K, capacity 113028K, committed 113304K, reserved 1146880K
  class space    used 14130K, capacity 15252K, committed 15280K, reserved 1048576K
GC Heap History (10 events):
Event: 2229.940 GC heap before
{Heap before GC invocations=18 (full 3):
 PSYoungGen      total 262144K, used 260416K [0x00000000d5580000, 0x00000000e7700000, 0x0000000100000000)
  eden space 242176K, 100% used [0x00000000d5580000,0x00000000e4200000,0x00000000e4200000)
  from space 19968K, 91% used [0x00000000e6380000,0x00000000e7550330,0x00000000e7700000)
  to   space 27136K, 0% used [0x00000000e4200000,0x00000000e4200000,0x00000000e5c80000)
 ParOldGen       total 125952K, used 61842K [0x0000000080000000, 0x0000000087b00000, 0x00000000d5580000)
  object space 125952K, 49% used [0x0000000080000000,0x0000000083c64970,0x0000000087b00000)
 Metaspace       used 85882K, capacity 90604K, committed 90776K, reserved 1128448K
  class space    used 11292K, capacity 12190K, committed 12208K, reserved 1048576K
Event: 2229.958 GC heap after
Heap after GC invocations=18 (full 3):
 PSYoungGen      total 248320K, used 14535K [0x00000000d5580000, 0x00000000e6d80000, 0x0000000100000000)
  eden space 233472K, 0% used [0x00000000d5580000,0x00000000d5580000,0x00000000e3980000)
  from space 14848K, 97% used [0x00000000e4200000,0x00000000e5031dc0,0x00000000e5080000)
  to   space 26624K, 0% used [0x00000000e5380000,0x00000000e5380000,0x00000000e6d80000)
 ParOldGen       total 125952K, used 61850K [0x0000000080000000, 0x0000000087b00000, 0x00000000d5580000)
  object space 125952K, 49% used [0x0000000080000000,0x0000000083c66970,0x0000000087b00000)
 Metaspace       used 85882K, capacity 90604K, committed 90776K, reserved 1128448K
  class space    used 11292K, capacity 12190K, committed 12208K, reserved 1048576K
}
Event: 2235.050 GC heap before
{Heap before GC invocations=19 (full 3):
 PSYoungGen      total 248320K, used 248007K [0x00000000d5580000, 0x00000000e6d80000, 0x0000000100000000)
  eden space 233472K, 100% used [0x00000000d5580000,0x00000000e3980000,0x00000000e3980000)
  from space 14848K, 97% used [0x00000000e4200000,0x00000000e5031dc0,0x00000000e5080000)
  to   space 26624K, 0% used [0x00000000e5380000,0x00000000e5380000,0x00000000e6d80000)
 ParOldGen       total 125952K, used 61850K [0x0000000080000000, 0x0000000087b00000, 0x00000000d5580000)
  object space 125952K, 49% used [0x0000000080000000,0x0000000083c66970,0x0000000087b00000)
 Metaspace       used 90162K, capacity 95384K, committed 95512K, reserved 1132544K
  class space    used 11839K, capacity 12806K, committed 12848K, reserved 1048576K
Event: 2235.068 GC heap after
Heap after GC invocations=19 (full 3):
 PSYoungGen      total 247296K, used 22201K [0x00000000d5580000, 0x00000000e6980000, 0x0000000100000000)
  eden space 224768K, 0% used [0x00000000d5580000,0x00000000d5580000,0x00000000e3100000)
  from space 22528K, 98% used [0x00000000e5380000,0x00000000e692e658,0x00000000e6980000)
  to   space 28672K, 0% used [0x00000000e3180000,0x00000000e3180000,0x00000000e4d80000)
 ParOldGen       total 125952K, used 61858K [0x0000000080000000, 0x0000000087b00000, 0x00000000d5580000)
  object space 125952K, 49% used [0x0000000080000000,0x0000000083c68970,0x0000000087b00000)
 Metaspace       used 90162K, capacity 95384K, committed 95512K, reserved 1132544K
  class space    used 11839K, capacity 12806K, committed 12848K, reserved 1048576K
}
Event: 2239.121 GC heap before
{Heap before GC invocations=20 (full 3):
 PSYoungGen      total 247296K, used 91880K [0x00000000d5580000, 0x00000000e6980000, 0x0000000100000000)
  eden space 224768K, 31% used [0x00000000d5580000,0x00000000d998bd30,0x00000000e3100000)
  from space 22528K, 98% used [0x00000000e5380000,0x00000000e692e658,0x00000000e6980000)
  to   space 28672K, 0% used [0x00000000e3180000,0x00000000e3180000,0x00000000e4d80000)
 ParOldGen       total 125952K, used 61858K [0x0000000080000000, 0x0000000087b00000, 0x00000000d5580000)
  object space 125952K, 49% used [0x0000000080000000,0x0000000083c68970,0x0000000087b00000)
 Metaspace       used 92991K, capacity 98444K, committed 98600K, reserved 1134592K
  class space    used 12225K, capacity 13207K, committed 13232K, reserved 1048576K
Event: 2239.137 GC heap after
Heap after GC invocations=20 (full 3):
 PSYoungGen      total 238592K, used 21542K [0x00000000d5580000, 0x00000000e6400000, 0x0000000100000000)
  eden space 216576K, 0% used [0x00000000d5580000,0x00000000d5580000,0x00000000e2900000)
  from space 22016K, 97% used [0x00000000e3180000,0x00000000e4689808,0x00000000e4700000)
  to   space 29696K, 0% used [0x00000000e4700000,0x00000000e4700000,0x00000000e6400000)
 ParOldGen       total 125952K, used 61866K [0x0000000080000000, 0x0000000087b00000, 0x00000000d5580000)
  object space 125952K, 49% used [0x0000000080000000,0x0000000083c6a970,0x0000000087b00000)
 Metaspace       used 92991K, capacity 98444K, committed 98600K, reserved 1134592K
  class space    used 12225K, capacity 13207K, committed 13232K, reserved 1048576K
}
Event: 2239.137 GC heap before
{Heap before GC invocations=21 (full 4):
 PSYoungGen      total 238592K, used 21542K [0x00000000d5580000, 0x00000000e6400000, 0x0000000100000000)
  eden space 216576K, 0% used [0x00000000d5580000,0x00000000d5580000,0x00000000e2900000)
  from space 22016K, 97% used [0x00000000e3180000,0x00000000e4689808,0x00000000e4700000)
  to   space 29696K, 0% used [0x00000000e4700000,0x00000000e4700000,0x00000000e6400000)
 ParOldGen       total 125952K, used 61866K [0x0000000080000000, 0x0000000087b00000, 0x00000000d5580000)
  object space 125952K, 49% used [0x0000000080000000,0x0000000083c6a970,0x0000000087b00000)
 Metaspace       used 92991K, capacity 98444K, committed 98600K, reserved 1134592K
  class space    used 12225K, capacity 13207K, committed 13232K, reserved 1048576K
Event: 2239.374 GC heap after
Heap after GC invocations=21 (full 4):
 PSYoungGen      total 238592K, used 0K [0x00000000d5580000, 0x00000000e6400000, 0x0000000100000000)
  eden space 216576K, 0% used [0x00000000d5580000,0x00000000d5580000,0x00000000e2900000)
  from space 22016K, 0% used [0x00000000e3180000,0x00000000e3180000,0x00000000e4700000)
  to   space 29696K, 0% used [0x00000000e4700000,0x00000000e4700000,0x00000000e6400000)
 ParOldGen       total 125952K, used 53842K [0x0000000080000000, 0x0000000087b00000, 0x00000000d5580000)
  object space 125952K, 42% used [0x0000000080000000,0x00000000834949f8,0x0000000087b00000)
 Metaspace       used 92244K, capacity 96536K, committed 98600K, reserved 1134592K
  class space    used 11996K, capacity 12807K, committed 13232K, reserved 1048576K
}
Event: 2241.430 GC heap before
{Heap before GC invocations=22 (full 4):
 PSYoungGen      total 238592K, used 216576K [0x00000000d5580000, 0x00000000e6400000, 0x0000000100000000)
  eden space 216576K, 100% used [0x00000000d5580000,0x00000000e2900000,0x00000000e2900000)
  from space 22016K, 0% used [0x00000000e3180000,0x00000000e3180000,0x00000000e4700000)
  to   space 29696K, 0% used [0x00000000e4700000,0x00000000e4700000,0x00000000e6400000)
 ParOldGen       total 125952K, used 53842K [0x0000000080000000, 0x0000000087b00000, 0x00000000d5580000)
  object space 125952K, 42% used [0x0000000080000000,0x00000000834949f8,0x0000000087b00000)
 Metaspace       used 105797K, capacity 111832K, committed 112152K, reserved 1146880K
  class space    used 13974K, capacity 15084K, committed 15152K, reserved 1048576K
Event: 2241.448 GC heap after
Heap after GC invocations=22 (full 4):
 PSYoungGen      total 246272K, used 15738K [0x00000000d5580000, 0x00000000e6400000, 0x0000000100000000)
  eden space 216576K, 0% used [0x00000000d5580000,0x00000000d5580000,0x00000000e2900000)
  from space 29696K, 52% used [0x00000000e4700000,0x00000000e565eaa8,0x00000000e6400000)
  to   space 22016K, 0% used [0x00000000e3180000,0x00000000e3180000,0x00000000e4700000)
 ParOldGen       total 125952K, used 53850K [0x0000000080000000, 0x0000000087b00000, 0x00000000d5580000)
  object space 125952K, 42% used [0x0000000080000000,0x00000000834969f8,0x0000000087b00000)
 Metaspace       used 105797K, capacity 111832K, committed 112152K, reserved 1146880K
  class space    used 13974K, capacity 15084K, committed 15152K, reserved 1048576K
}

